CRITICAL - 2024-01-15 00:16:05 --> Too few arguments to function App\Controllers\Home::inserta(), 0 passed in C:\xampp\htdocs\microservicio\system\CodeIgniter.php on line 942 and exactly 3 expected
in APPPATH\Controllers\Home.php on line 74.
 1 SYSTEMPATH\CodeIgniter.php(942): App\Controllers\Home->inserta()
 2 SYSTEMPATH\CodeIgniter.php(502): CodeIgniter\CodeIgniter->runController(Object(App\Controllers\Home))
 3 SYSTEMPATH\CodeIgniter.php(361): CodeIgniter\CodeIgniter->handleRequest(null, Object(Config\Cache), false)
 4 FCPATH\index.php(79): CodeIgniter\CodeIgniter->run()
CRITICAL - 2024-01-15 00:57:06 --> Too few arguments to function App\Controllers\Home::inserta(), 1 passed in C:\xampp\htdocs\microservicio\system\CodeIgniter.php on line 942 and exactly 3 expected
in APPPATH\Controllers\Home.php on line 74.
 1 SYSTEMPATH\CodeIgniter.php(942): App\Controllers\Home->inserta('Hp')
 2 SYSTEMPATH\CodeIgniter.php(502): CodeIgniter\CodeIgniter->runController(Object(App\Controllers\Home))
 3 SYSTEMPATH\CodeIgniter.php(361): CodeIgniter\CodeIgniter->handleRequest(null, Object(Config\Cache), false)
 4 FCPATH\index.php(79): CodeIgniter\CodeIgniter->run()
CRITICAL - 2024-01-15 00:57:33 --> Class "CodeIgniter\Database\MySQL\Connection" not found
in SYSTEMPATH\Database\Database.php on line 137.
 1 SYSTEMPATH\Database\Database.php(55): CodeIgniter\Database\Database->initDriver('MySQL', 'Connection', [...])
 2 SYSTEMPATH\Database\Config.php(83): CodeIgniter\Database\Database->load([...], 'default')
 3 APPPATH\Controllers\Home.php(75): CodeIgniter\Database\Config::connect()
 4 SYSTEMPATH\CodeIgniter.php(942): App\Controllers\Home->inserta('Hp', '15-dy', '150')
 5 SYSTEMPATH\CodeIgniter.php(502): CodeIgniter\CodeIgniter->runController(Object(App\Controllers\Home))
 6 SYSTEMPATH\CodeIgniter.php(361): CodeIgniter\CodeIgniter->handleRequest(null, Object(Config\Cache), false)
 7 FCPATH\index.php(79): CodeIgniter\CodeIgniter->run()
CRITICAL - 2024-01-15 00:59:49 --> Class "CodeIgniter\Database\MySQL\Connection" not found
in SYSTEMPATH\Database\Database.php on line 137.
 1 SYSTEMPATH\Database\Database.php(55): CodeIgniter\Database\Database->initDriver('MySQL', 'Connection', [...])
 2 SYSTEMPATH\Database\Config.php(83): CodeIgniter\Database\Database->load([...], 'default')
 3 APPPATH\Controllers\Home.php(75): CodeIgniter\Database\Config::connect()
 4 SYSTEMPATH\CodeIgniter.php(942): App\Controllers\Home->inserta('Hp', '15-dy', '150')
 5 SYSTEMPATH\CodeIgniter.php(502): CodeIgniter\CodeIgniter->runController(Object(App\Controllers\Home))
 6 SYSTEMPATH\CodeIgniter.php(361): CodeIgniter\CodeIgniter->handleRequest(null, Object(Config\Cache), false)
 7 FCPATH\index.php(79): CodeIgniter\CodeIgniter->run()
CRITICAL - 2024-01-15 01:02:57 --> Class "CodeIgniter\Database\MySQL\Connection" not found
in SYSTEMPATH\Database\Database.php on line 137.
 1 SYSTEMPATH\Database\Database.php(55): CodeIgniter\Database\Database->initDriver('MySQL', 'Connection', [...])
 2 SYSTEMPATH\Database\Config.php(83): CodeIgniter\Database\Database->load([...], 'default')
 3 APPPATH\Controllers\Home.php(75): CodeIgniter\Database\Config::connect()
 4 SYSTEMPATH\CodeIgniter.php(942): App\Controllers\Home->inserta('Hp', '15-dy', '150')
 5 SYSTEMPATH\CodeIgniter.php(502): CodeIgniter\CodeIgniter->runController(Object(App\Controllers\Home))
 6 SYSTEMPATH\CodeIgniter.php(361): CodeIgniter\CodeIgniter->handleRequest(null, Object(Config\Cache), false)
 7 FCPATH\index.php(79): CodeIgniter\CodeIgniter->run()
CRITICAL - 2024-01-15 01:05:59 --> Undefined property: CodeIgniter\HTTP\Response::$set
in APPPATH\Controllers\Home.php on line 22.
 1 APPPATH\Controllers\Home.php(22): CodeIgniter\Debug\Exceptions->errorHandler(2, 'Undefined property: CodeIgniter\\HTTP\\Response::$set', 'C:\\xampp\\htdocs\\microservicio\\app\\Controllers\\Home.php', 22)
 2 SYSTEMPATH\CodeIgniter.php(942): App\Controllers\Home->ProductosLimpieza()
 3 SYSTEMPATH\CodeIgniter.php(502): CodeIgniter\CodeIgniter->runController(Object(App\Controllers\Home))
 4 SYSTEMPATH\CodeIgniter.php(361): CodeIgniter\CodeIgniter->handleRequest(null, Object(Config\Cache), false)
 5 FCPATH\index.php(79): CodeIgniter\CodeIgniter->run()
CRITICAL - 2024-01-15 01:08:50 --> Undefined property: CodeIgniter\HTTP\Response::$set
in APPPATH\Controllers\Home.php on line 22.
 1 APPPATH\Controllers\Home.php(22): CodeIgniter\Debug\Exceptions->errorHandler(2, 'Undefined property: CodeIgniter\\HTTP\\Response::$set', 'C:\\xampp\\htdocs\\microservicio\\app\\Controllers\\Home.php', 22)
 2 SYSTEMPATH\CodeIgniter.php(942): App\Controllers\Home->ProductosLimpieza()
 3 SYSTEMPATH\CodeIgniter.php(502): CodeIgniter\CodeIgniter->runController(Object(App\Controllers\Home))
 4 SYSTEMPATH\CodeIgniter.php(361): CodeIgniter\CodeIgniter->handleRequest(null, Object(Config\Cache), false)
 5 FCPATH\index.php(79): CodeIgniter\CodeIgniter->run()
